[2026-06-24 21:27:51] === INICIO ===
[2026-06-24 21:27:53] Ventana '3C' detectada y activada
[2026-06-24 21:27:53] Resync: enviando Ctrl+Home
[2026-06-24 21:27:53] Click en Almacenes (888,189)
[2026-06-24 21:27:54] Click en Informes (921,370)
[2026-06-24 21:27:54] Click en Existencias (1105,401)
[2026-06-24 21:27:55] Click en Depositos (704,476)
[2026-06-24 21:27:55] Click en SeleccionarTodos (962,858)
[2026-06-24 21:27:56] Click en Consulta (440,341)
[2026-06-24 21:27:56] Click en Aceptar (1196,902)
[2026-06-24 21:27:58] Click en Excel (940,575)
[2026-06-24 21:28:03] Exportación completada. Esperando Excel...
[2026-06-24 21:28:03] Esperando Excel (timeout: 30s)...
[2026-06-24 21:28:05] Excel detectado correctamente
[2026-06-24 21:28:05] [WATCHER] Directorio fijo 3C: C:\Users\Cesar\AppData\Local\Temp\tresc
[2026-06-24 21:28:06] [WATCHER] ARCHIVO DETECTADO:
[2026-06-24 21:28:06] [WATCHER] Ruta: C:\Users\Cesar\AppData\Local\Temp\tresc\tresc299337894626131596.xls
[2026-06-24 21:28:06] [WATCHER] Fecha: 20260624212804
[2026-06-24 21:28:06] [WATCHER] Tamańo: 904 KB
[2026-06-24 21:28:06] [OK] Archivo copiado a exports
