[2026-06-26 20:15:26] === INICIO DE SINCRONIZACIËN ===
[2026-06-26 20:15:26] Config: ventana='3C' | TABs=5,3,2,1,1
[2026-06-26 20:15:26] Ventana '3C' detectada y activada
[2026-06-26 20:15:26] Resync: enviando Ctrl+Home
[2026-06-26 20:15:26] Navegando a informes (5 TABs)
[2026-06-26 20:15:28] Seleccionando Informe de Stock (3 TABs)
[2026-06-26 20:15:29] Abriendo exportaciˇn (2 TABs)
[2026-06-26 20:15:30] Seleccionando formato Excel (1 TABs)
[2026-06-26 20:15:31] ERROR: Ventana '3C' perdiˇ el foco
[2026-06-26 20:16:07] === INICIO DE SINCRONIZACIËN ===
[2026-06-26 20:16:07] Config: ventana='3C' | TABs=5,3,2,1,1
[2026-06-26 20:16:07] Ventana '3C' detectada y activada
[2026-06-26 20:16:07] Resync: enviando Ctrl+Home
[2026-06-26 20:16:07] Navegando a informes (5 TABs)
[2026-06-26 20:16:09] Seleccionando Informe de Stock (3 TABs)
[2026-06-26 20:16:10] Abriendo exportaciˇn (2 TABs)
[2026-06-26 20:16:11] Seleccionando formato Excel (1 TABs)
[2026-06-26 20:16:12] ERROR: Ventana '3C' perdiˇ el foco
[2026-06-26 20:54:35] === INICIO ===
[2026-06-26 20:54:36] Ventana '3C' detectada y activada
[2026-06-26 20:54:36] Resync: enviando Ctrl+Home
[2026-06-26 20:54:37] Click en Almacenes (888,189)
[2026-06-26 20:54:37] Click en Informes (921,370)
[2026-06-26 20:54:38] Click en Existencias (1105,401)
[2026-06-26 20:54:38] Click en Depositos (704,476)
[2026-06-26 20:54:39] Click en SeleccionarTodos (962,858)
[2026-06-26 20:54:39] ERROR: Ventana '3C' perdiˇ el foco
[2026-06-26 20:55:03] === INICIO ===
[2026-06-26 20:55:04] Ventana '3C' detectada y activada
[2026-06-26 20:55:04] Resync: enviando Ctrl+Home
[2026-06-26 20:55:05] Click en Almacenes (888,189)
[2026-06-26 20:55:05] Click en Informes (921,370)
[2026-06-26 20:55:06] Click en Existencias (1105,401)
[2026-06-26 20:55:06] Click en Depositos (704,476)
[2026-06-26 20:55:07] Click en SeleccionarTodos (962,858)
[2026-06-26 20:55:07] ERROR: Ventana '3C' perdiˇ el foco
[2026-06-26 20:55:39] === INICIO ===
[2026-06-26 20:55:40] Ventana '3C' detectada y activada
[2026-06-26 20:55:40] Resync: enviando Ctrl+Home
[2026-06-26 20:55:41] Click en Almacenes (888,189)
[2026-06-26 20:55:41] Click en Informes (921,370)
[2026-06-26 20:55:42] Click en Existencias (1105,401)
[2026-06-26 20:55:42] Click en Depositos (704,476)
[2026-06-26 20:55:43] Click en SeleccionarTodos (962,858)
[2026-06-26 20:55:43] ERROR: Ventana '3C' perdiˇ el foco
[2026-06-26 21:01:32] === INICIO ===
[2026-06-26 21:01:33] Ventana '3C' detectada y activada
[2026-06-26 21:01:33] Resync: enviando Ctrl+Home
[2026-06-26 21:01:33] Click en Almacenes (888,189)
[2026-06-26 21:01:34] Click en Informes (921,370)
[2026-06-26 21:01:34] Click en Existencias (1105,401)
[2026-06-26 21:01:35] Click en Depositos (704,476)
[2026-06-26 21:01:35] Click en SeleccionarTodos (962,858)
[2026-06-26 21:01:36] ERROR: Ventana '3C' perdiˇ el foco
[2026-06-26 21:01:44] === INICIO ===
[2026-06-26 21:01:46] Ventana '3C' detectada y activada
[2026-06-26 21:01:46] Resync: enviando Ctrl+Home
[2026-06-26 21:01:46] Click en Almacenes (888,189)
[2026-06-26 21:01:46] Click en Informes (921,370)
[2026-06-26 21:01:47] Click en Existencias (1105,401)
[2026-06-26 21:01:47] Click en Depositos (704,476)
[2026-06-26 21:01:48] Click en SeleccionarTodos (962,858)
[2026-06-26 21:01:48] ERROR: Ventana '3C' perdiˇ el foco
[2026-06-26 21:13:12] === INICIO ===
[2026-06-26 21:13:13] Ventana '3C' detectada y activada
[2026-06-26 21:13:13] Resync: enviando Ctrl+Home
[2026-06-26 21:13:14] Click en Almacenes (888,189)
[2026-06-26 21:13:14] Click en Informes (921,370)
[2026-06-26 21:13:15] Click en Existencias (1105,401)
[2026-06-26 21:13:15] Click en Depositos (704,476)
[2026-06-26 21:13:16] Click en SeleccionarTodos (962,858)
[2026-06-26 21:13:16] ERROR: Ventana '3C' perdiˇ el foco
[2026-06-26 21:15:21] === INICIO ===
[2026-06-26 21:15:22] Ventana '3C' detectada y activada
[2026-06-26 21:15:22] Resync: enviando Ctrl+Home
[2026-06-26 21:15:22] Click en Almacenes (888,189)
[2026-06-26 21:15:23] Click en Informes (921,370)
[2026-06-26 21:15:23] Click en Existencias (1105,401)
[2026-06-26 21:15:24] Click en Depositos (704,476)
[2026-06-26 21:15:24] Click en SeleccionarTodos (962,858)
[2026-06-26 21:15:25] Click en Consulta (440,341)
[2026-06-26 21:15:25] Click en Aceptar (1196,902)
[2026-06-26 21:15:27] Click en Excel (940,575)
[2026-06-26 21:15:32] Exportaciˇn completada. Esperando Excel...
[2026-06-26 21:15:32] Esperando Excel (timeout: 30s)...
[2026-06-26 21:15:34] Excel detectado correctamente
[2026-06-26 21:15:34] [OK] Sync completado en 13.4s
[2026-06-26 21:15:38] === FIN ===
[2026-06-26 21:18:31] === INICIO ===
[2026-06-26 21:18:32] Ventana '3C' detectada y activada
[2026-06-26 21:18:32] Resync: enviando Ctrl+Home
[2026-06-26 21:18:32] Click en Almacenes (888,189)
[2026-06-26 21:18:33] Click en Informes (921,370)
[2026-06-26 21:18:33] Click en Existencias (1105,401)
[2026-06-26 21:18:34] Click en Depositos (704,476)
[2026-06-26 21:18:34] Click en SeleccionarTodos (962,858)
[2026-06-26 21:18:35] Click en Consulta (440,341)
[2026-06-26 21:18:35] Click en Aceptar (1196,902)
[2026-06-26 21:18:37] Click en Excel (940,575)
[2026-06-26 21:18:42] Exportaciˇn completada. Esperando Excel...
[2026-06-26 21:18:42] Esperando Excel (timeout: 30s)...
[2026-06-26 21:18:43] Excel detectado correctamente
[2026-06-26 21:18:43] [OK] Sync completado en 12.4s
[2026-06-26 21:18:48] === FIN ===
